<?xml version="1.0" encoding="UTF-8"?>
<testsuite name="com.kodilla.stream.sand.SandStorageTestSuite" tests="2" skipped="0" failures="0" errors="0" timestamp="2022-11-12T19:28:13" hostname="LAPTOP-KFH1FI9C" time="0.006">
  <properties/>
  <testcase name="testGetSandGrainsQuantityWithReduce()" classname="com.kodilla.stream.sand.SandStorageTestSuite" time="0.005"/>
  <testcase name="testGetSandGrainsQuantity()" classname="com.kodilla.stream.sand.SandStorageTestSuite" time="0.001"/>
  <system-out><![CDATA[]]></system-out>
  <system-err><![CDATA[]]></system-err>
</testsuite>
