<?xml version="1.0" encoding="UTF-8"?>
<testsuite name="com.kodilla.stream.book.BookTestSuite" tests="3" skipped="0" failures="0" errors="0" timestamp="2023-02-20T18:45:39" hostname="LAPTOP-KFH1FI9C" time="0.008">
  <properties/>
  <testcase name="testGetListUsingFor()" classname="com.kodilla.stream.book.BookTestSuite" time="0.002"/>
  <testcase name="testGetListUsingIntStreamAndCount()" classname="com.kodilla.stream.book.BookTestSuite" time="0.002"/>
  <testcase name="testGetListUsingIntStream()" classname="com.kodilla.stream.book.BookTestSuite" time="0.003"/>
  <system-out><![CDATA[]]></system-out>
  <system-err><![CDATA[]]></system-err>
</testsuite>
