<?xml version="1.0" encoding="UTF-8"?>
<testsuite name="com.kodilla.stream.forum.ForumUserTestSuite" tests="2" skipped="0" failures="0" errors="0" timestamp="2023-02-20T18:45:39" hostname="LAPTOP-KFH1FI9C" time="0.005">
  <properties/>
  <testcase name="getLocationOfFriends()" classname="com.kodilla.stream.forum.ForumUserTestSuite" time="0.002"/>
  <testcase name="getLocationOfFriendsOfFriends()" classname="com.kodilla.stream.forum.ForumUserTestSuite" time="0.002"/>
  <system-out><![CDATA[]]></system-out>
  <system-err><![CDATA[]]></system-err>
</testsuite>
