<?xml version="1.0" encoding="UTF-8"?>
<testsuite name="com.kodilla.stream.array.ArrayOperationsTestSuite" tests="1" skipped="0" failures="0" errors="0" timestamp="2023-02-20T18:45:39" hostname="LAPTOP-KFH1FI9C" time="0.049">
  <properties/>
  <testcase name="testGetAverage()" classname="com.kodilla.stream.array.ArrayOperationsTestSuite" time="0.049"/>
  <system-out><![CDATA[2
44
876
33
99
134
11
9
66
59
23
28
876
195
77
19
17
49
101
222
]]></system-out>
  <system-err><![CDATA[]]></system-err>
</testsuite>
