<?xml version="1.0" encoding="UTF-8"?>
<testsuite name="com.kodilla.stream.world.WorldTestSuite" tests="1" skipped="0" failures="0" errors="0" timestamp="2022-11-12T19:28:13" hostname="LAPTOP-KFH1FI9C" time="0.004">
  <properties/>
  <testcase name="testCalculateTotalNumberOfPeople()" classname="com.kodilla.stream.world.WorldTestSuite" time="0.004"/>
  <system-out><![CDATA[]]></system-out>
  <system-err><![CDATA[]]></system-err>
</testsuite>
