<?xml version="1.0" encoding="UTF-8"?>
<testsuite name="Tests for the first method in the BookLibrary class" tests="3" skipped="0" failures="0" errors="0" timestamp="2022-08-22T05:08:55" hostname="LAPTOP-KFH1FI9C" time="0.028">
  <properties/>
  <testcase name="testBooksWithConditionsReturnList()" classname="com.kodilla.testing.library.BookDirectoryTestSuite$TestMethodBooksWithConditions" time="0.004"/>
  <testcase name="testBooksWithConditionMoreThan20()" classname="com.kodilla.testing.library.BookDirectoryTestSuite$TestMethodBooksWithConditions" time="0.01"/>
  <testcase name="testBooksWithConditionFragmentShorterThan3()" classname="com.kodilla.testing.library.BookDirectoryTestSuite$TestMethodBooksWithConditions" time="0.012"/>
  <system-out><![CDATA[Preparing to execute test #4
Preparing to execute test #5
Preparing to execute test #6
]]></system-out>
  <system-err><![CDATA[]]></system-err>
</testsuite>
