<?xml version="1.0" encoding="UTF-8"?>
<testsuite name="Weather Forecast Test Suite" tests="3" skipped="0" failures="0" errors="0" timestamp="2022-08-22T05:08:54" hostname="LAPTOP-KFH1FI9C" time="1.127">
  <properties/>
  <testcase name="testCalculateAverageTemperature()" classname="com.kodilla.testing.weather.mock.WeatherForecastTestSuite" time="1.116"/>
  <testcase name="testMedianCalculation()" classname="com.kodilla.testing.weather.mock.WeatherForecastTestSuite" time="0.004"/>
  <testcase name="testCalculateForecastWithMock()" classname="com.kodilla.testing.weather.mock.WeatherForecastTestSuite" time="0.004"/>
  <system-out><![CDATA[This is the beginning of all tests
Preparing to execute test #1
23.775
Preparing to execute test #2
Preparing to execute test #3
All tests are finished
]]></system-out>
  <system-err><![CDATA[]]></system-err>
</testsuite>
