<?xml version="1.0" encoding="UTF-8"?>
<testsuite name="Forum Test Suite" tests="2" skipped="0" failures="0" errors="0" timestamp="2023-02-20T18:45:42" hostname="LAPTOP-KFH1FI9C" time="0.01">
  <properties/>
  <testcase name="When created 'SimpleUser' with 'realName', then 'getRealName' should return real user name" classname="com.kodilla.testing.forum0.ForumTestSuite" time="0.009"/>
  <testcase name="When created 'SimpleUser' with 'name', then 'getUsername' should return the correct name" classname="com.kodilla.testing.forum0.ForumTestSuite" time="0.001"/>
  <system-out><![CDATA[Test suite: begin!
Test case: begin!
TestingJohn Smith
Test case: end
Test case: begin!
Test case: end
Test suite: end!
]]></system-out>
  <system-err><![CDATA[]]></system-err>
</testsuite>
