<?xml version="1.0" encoding="UTF-8"?>
<testsuite name="Tests for the second method in the BookLibrary class" tests="3" skipped="0" failures="0" errors="0" timestamp="2022-11-12T19:28:16" hostname="LAPTOP-KFH1FI9C" time="0.777">
  <properties/>
  <testcase name="test1BookInTheHandsOf()" classname="com.kodilla.testing.library.BookDirectoryTestSuite$TestMethodBooksInTheHandsOf" time="0.771"/>
  <testcase name="test5BooksInTheHandsOf()" classname="com.kodilla.testing.library.BookDirectoryTestSuite$TestMethodBooksInTheHandsOf" time="0.002"/>
  <testcase name="testNoBooksInTheHandsOf()" classname="com.kodilla.testing.library.BookDirectoryTestSuite$TestMethodBooksInTheHandsOf" time="0.002"/>
  <system-out><![CDATA[Preparing to execute test #1
Preparing to execute test #2
Preparing to execute test #3
]]></system-out>
  <system-err><![CDATA[]]></system-err>
</testsuite>
