<?xml version="1.0" encoding="UTF-8"?>
<testsuite name="Tests for posts" tests="4" skipped="0" failures="0" errors="0" timestamp="2022-07-30T15:58:23" hostname="LAPTOP-KFH1FI9C" time="0.028">
  <properties/>
  <testcase name="testRemovePostNotExisting()" classname="com.kodilla.testing.forum.tdd.ForumTestSuite$TestPosts" time="0.004"/>
  <testcase name="testAddPost()" classname="com.kodilla.testing.forum.tdd.ForumTestSuite$TestPosts" time="0.003"/>
  <testcase name="testGetPost()" classname="com.kodilla.testing.forum.tdd.ForumTestSuite$TestPosts" time="0.009"/>
  <testcase name="testRemovePost()" classname="com.kodilla.testing.forum.tdd.ForumTestSuite$TestPosts" time="0.004"/>
  <system-out><![CDATA[Preparing to execute test #5
Preparing to execute test #6
Preparing to execute test #7
Preparing to execute test #8
]]></system-out>
  <system-err><![CDATA[]]></system-err>
</testsuite>
