<?xml version="1.0" encoding="UTF-8"?>
<testsuite name="Collection Test Suite" tests="2" skipped="0" failures="0" errors="0" timestamp="2023-02-20T18:45:42" hostname="LAPTOP-KFH1FI9C" time="0.029">
  <properties/>
  <testcase name="testEmptyList()" classname="com.kodilla.testing.collection.CollectionTestSuite" time="0.024"/>
  <testcase name="testEvenNumbersList()" classname="com.kodilla.testing.collection.CollectionTestSuite" time="0.003"/>
  <system-out><![CDATA[This is the beginning of tests.
Preparing to execute test #1
Preparing to execute test #2
All tests are finished.
]]></system-out>
  <system-err><![CDATA[]]></system-err>
</testsuite>
