<?xml version="1.0" encoding="UTF-8"?>
<testsuite name="Tests for adding" tests="2" skipped="0" failures="0" errors="0" timestamp="2022-08-22T05:08:55" hostname="LAPTOP-KFH1FI9C" time="0.005">
  <properties/>
  <testcase name="testGetShape()" classname="com.kodilla.testing.shape.ShapeCollectorTestSuite$TestAdd" time="0.002"/>
  <testcase name="testAddShape()" classname="com.kodilla.testing.shape.ShapeCollectorTestSuite$TestAdd" time="0.002"/>
  <system-out><![CDATA[Preparing to execute test #4
Preparing to execute test #5
]]></system-out>
  <system-err><![CDATA[]]></system-err>
</testsuite>
