<?xml version="1.0" encoding="UTF-8"?>
<testsuite name="Tests for removing" tests="3" skipped="0" failures="0" errors="0" timestamp="2022-08-22T05:08:55" hostname="LAPTOP-KFH1FI9C" time="0.013">
  <properties/>
  <testcase name="testRemoveNonExistingShape()" classname="com.kodilla.testing.shape.ShapeCollectorTestSuite$TestRemoval" time="0.004"/>
  <testcase name="testRemoveShape()" classname="com.kodilla.testing.shape.ShapeCollectorTestSuite$TestRemoval" time="0.003"/>
  <testcase name="testAdding2ShapesAndRemoving1()" classname="com.kodilla.testing.shape.ShapeCollectorTestSuite$TestRemoval" time="0.004"/>
  <system-out><![CDATA[Preparing to execute test #1
Preparing to execute test #2
Preparing to execute test #3
]]></system-out>
  <system-err><![CDATA[]]></system-err>
</testsuite>
