<?xml version="1.0" encoding="UTF-8"?>
<testsuite name="com.kodilla.patterns.singleton.LoggerTestSuite" tests="1" skipped="0" failures="0" errors="0" timestamp="2023-02-20T18:45:32" hostname="LAPTOP-KFH1FI9C" time="0.009">
  <properties/>
  <testcase name="testGetLastLog()" classname="com.kodilla.patterns.singleton.LoggerTestSuite" time="0.009"/>
  <system-out><![CDATA[Log: [This is logging number: ].
Retrieved datum: This is logging number: 
]]></system-out>
  <system-err><![CDATA[]]></system-err>
</testsuite>
