<?xml version="1.0" encoding="UTF-8"?>
<testsuite name="com.kodilla.patterns2.builder.checkers.CheckersTestSuite" tests="1" skipped="0" failures="0" errors="0" timestamp="2023-02-20T18:45:33" hostname="LAPTOP-KFH1FI9C" time="0.011">
  <properties/>
  <testcase name="testCheckersBuilder()" classname="com.kodilla.patterns2.builder.checkers.CheckersTestSuite" time="0.011"/>
  <system-out><![CDATA[|  |  |wQ|wP|  |  |  |  |  |  |
|  |  |  |  |  |  |  |  |  |  |
|  |  |  |  |  |  |  |  |  |  |
|  |  |  |  |  |  |  |  |  |  |
|  |  |  |  |  |  |  |  |  |  |
|  |  |  |  |  |  |  |  |  |  |
|  |  |  |  |  |  |  |  |  |  |
|  |  |  |  |  |  |  |  |  |  |
|  |  |  |  |  |  |  |  |  |  |
|  |  |  |  |  |  |  |bP|  |  |

]]></system-out>
  <system-err><![CDATA[]]></system-err>
</testsuite>
