<?xml version="1.0" encoding="UTF-8"?>
<testsuite name="com.kodilla.patterns2.factory.ShapeFactoryTestSuite" tests="3" skipped="0" failures="0" errors="0" timestamp="2023-02-20T18:45:33" hostname="LAPTOP-KFH1FI9C" time="0.01">
  <properties/>
  <testcase name="testFactoryCircle()" classname="com.kodilla.patterns2.factory.ShapeFactoryTestSuite" time="0.003"/>
  <testcase name="testFactorySquare()" classname="com.kodilla.patterns2.factory.ShapeFactoryTestSuite" time="0.002"/>
  <testcase name="testFactoryRectangle()" classname="com.kodilla.patterns2.factory.ShapeFactoryTestSuite" time="0.002"/>
  <system-out><![CDATA[]]></system-out>
  <system-err><![CDATA[]]></system-err>
</testsuite>
