<?xml version="1.0" encoding="UTF-8"?>
<testsuite name="com.kodilla.patterns.strategy.CustomerTestSuite" tests="2" skipped="0" failures="0" errors="0" timestamp="2023-02-20T18:45:32" hostname="LAPTOP-KFH1FI9C" time="0.008">
  <properties/>
  <testcase name="testIndividualInvestingStrategy()" classname="com.kodilla.patterns.strategy.CustomerTestSuite" time="0.005"/>
  <testcase name="testDefaultInvestingStrategies()" classname="com.kodilla.patterns.strategy.CustomerTestSuite" time="0.002"/>
  <system-out><![CDATA[Steven should:  [Conservative predictor] Buy debentures of XYZ.
Steven now should: [AggressivePredictor] Buy stock of XYZ
Steven should:  [Conservative predictor] Buy debentures of XYZ.
John should: [AggressivePredictor] Buy stock of XYZ
Kodilla should: [Balanced predictor] Buy shared units of XYZ.
]]></system-out>
  <system-err><![CDATA[]]></system-err>
</testsuite>
