<?xml version="1.0" encoding="UTF-8"?>
<testsuite name="com.kodilla.patterns.singleton.SettingsFileEngineTestSuite" tests="3" skipped="0" failures="0" errors="0" timestamp="2023-02-20T18:45:32" hostname="LAPTOP-KFH1FI9C" time="0.009">
  <properties/>
  <testcase name="testSaveSettings()" classname="com.kodilla.patterns.singleton.SettingsFileEngineTestSuite" time="0.003"/>
  <testcase name="testLoadSettings()" classname="com.kodilla.patterns.singleton.SettingsFileEngineTestSuite" time="0.001"/>
  <testcase name="testGetFileName()" classname="com.kodilla.patterns.singleton.SettingsFileEngineTestSuite" time="0.003"/>
  <system-out><![CDATA[Opening the settings file.
Saving settings to the file.
Loading settings from the file.
Openedmyapp.settings
Closing the settings file.
]]></system-out>
  <system-err><![CDATA[]]></system-err>
</testsuite>
